com.surveillance.utilitiy.GenericKeywords.highlightElement(GenericKeywords.java:299)evel	2021-02-16 13:50:14 LoginPage: highlightElement action is started
com.surveillance.utilitiy.GenericKeywords.elementFind(GenericKeywords.java:134)evel	2021-02-16 13:50:14 LoginPage: find element action is started
com.surveillance.utilitiy.GenericKeywords.elementFind(GenericKeywords.java:135)evel	2021-02-16 13:50:14 LoginPage: locator indicator is : xpath
com.surveillance.utilitiy.GenericKeywords.elementFind(GenericKeywords.java:136)evel	2021-02-16 13:50:14 LoginPage: locator value is : //*[@id="email"]
com.surveillance.utilitiy.GenericKeywords.elementFind(GenericKeywords.java:164)evel	2021-02-16 13:50:14 LoginPage: find element action is Completed
com.surveillance.utilitiy.GenericKeywords.highlightElement(GenericKeywords.java:304)evel	2021-02-16 13:50:14 LoginPage: highlightElement action is Completed
com.surveillance.utilitiy.GenericKeywords.elementFind(GenericKeywords.java:134)evel	2021-02-16 13:50:14 LoginPage: find element action is started
com.surveillance.utilitiy.GenericKeywords.elementFind(GenericKeywords.java:135)evel	2021-02-16 13:50:14 LoginPage: locator indicator is : xpath
com.surveillance.utilitiy.GenericKeywords.elementFind(GenericKeywords.java:136)evel	2021-02-16 13:50:14 LoginPage: locator value is : //*[@id="email"]
com.surveillance.utilitiy.GenericKeywords.elementFind(GenericKeywords.java:164)evel	2021-02-16 13:50:14 LoginPage: find element action is Completed
com.surveillance.utilitiy.GenericKeywords.clearEnter(GenericKeywords.java:555)evel	2021-02-16 13:50:15 LoginPage: clear and enter data is : sclient927+FSAR@gmail.com
com.surveillance.utilitiy.GenericKeywords.clearEnter(GenericKeywords.java:556)evel	2021-02-16 13:50:15 LoginPage: clear and enter action is completed
com.surveillance.utilitiy.GenericKeywords.highlightElement(GenericKeywords.java:299)evel	2021-02-16 13:50:15 LoginPage: highlightElement action is started
com.surveillance.utilitiy.GenericKeywords.elementFind(GenericKeywords.java:134)evel	2021-02-16 13:50:15 LoginPage: find element action is started
com.surveillance.utilitiy.GenericKeywords.elementFind(GenericKeywords.java:135)evel	2021-02-16 13:50:15 LoginPage: locator indicator is : xpath
com.surveillance.utilitiy.GenericKeywords.elementFind(GenericKeywords.java:136)evel	2021-02-16 13:50:15 LoginPage: locator value is : //*[@id="authForm"]/div/div/button
com.surveillance.utilitiy.GenericKeywords.elementFind(GenericKeywords.java:164)evel	2021-02-16 13:50:15 LoginPage: find element action is Completed
com.surveillance.utilitiy.GenericKeywords.highlightElement(GenericKeywords.java:304)evel	2021-02-16 13:50:15 LoginPage: highlightElement action is Completed
com.surveillance.utilitiy.GenericKeywords.elementFind(GenericKeywords.java:134)evel	2021-02-16 13:50:15 LoginPage: find element action is started
com.surveillance.utilitiy.GenericKeywords.elementFind(GenericKeywords.java:135)evel	2021-02-16 13:50:15 LoginPage: locator indicator is : xpath
com.surveillance.utilitiy.GenericKeywords.elementFind(GenericKeywords.java:136)evel	2021-02-16 13:50:15 LoginPage: locator value is : //*[@id="authForm"]/div/div/button
com.surveillance.utilitiy.GenericKeywords.elementFind(GenericKeywords.java:164)evel	2021-02-16 13:50:15 LoginPage: find element action is Completed
com.surveillance.utilitiy.GenericKeywords.enterData(GenericKeywords.java:260)evel	2021-02-16 13:50:16 LoginPage: enter data action is started
com.surveillance.utilitiy.GenericKeywords.highlightElement(GenericKeywords.java:299)evel	2021-02-16 13:50:16 LoginPage: highlightElement action is started
com.surveillance.utilitiy.GenericKeywords.elementFind(GenericKeywords.java:134)evel	2021-02-16 13:50:16 LoginPage: find element action is started
com.surveillance.utilitiy.GenericKeywords.elementFind(GenericKeywords.java:135)evel	2021-02-16 13:50:16 LoginPage: locator indicator is : xpath
com.surveillance.utilitiy.GenericKeywords.elementFind(GenericKeywords.java:136)evel	2021-02-16 13:50:16 LoginPage: locator value is : //*[@id="password"]
com.surveillance.utilitiy.GenericKeywords.elementFind(GenericKeywords.java:164)evel	2021-02-16 13:50:16 LoginPage: find element action is Completed
com.surveillance.utilitiy.GenericKeywords.highlightElement(GenericKeywords.java:304)evel	2021-02-16 13:50:16 LoginPage: highlightElement action is Completed
com.surveillance.utilitiy.GenericKeywords.elementFind(GenericKeywords.java:134)evel	2021-02-16 13:50:16 LoginPage: find element action is started
com.surveillance.utilitiy.GenericKeywords.elementFind(GenericKeywords.java:135)evel	2021-02-16 13:50:16 LoginPage: locator indicator is : xpath
com.surveillance.utilitiy.GenericKeywords.elementFind(GenericKeywords.java:136)evel	2021-02-16 13:50:16 LoginPage: locator value is : //*[@id="password"]
com.surveillance.utilitiy.GenericKeywords.elementFind(GenericKeywords.java:164)evel	2021-02-16 13:50:16 LoginPage: find element action is Completed
com.surveillance.utilitiy.GenericKeywords.enterData(GenericKeywords.java:263)evel	2021-02-16 13:50:16 LoginPage: enter data action is Completed
com.surveillance.utilitiy.GenericKeywords.highlightElement(GenericKeywords.java:299)evel	2021-02-16 13:50:16 LoginPage: highlightElement action is started
com.surveillance.utilitiy.GenericKeywords.elementFind(GenericKeywords.java:134)evel	2021-02-16 13:50:16 LoginPage: find element action is started
com.surveillance.utilitiy.GenericKeywords.elementFind(GenericKeywords.java:135)evel	2021-02-16 13:50:16 LoginPage: locator indicator is : xpath
com.surveillance.utilitiy.GenericKeywords.elementFind(GenericKeywords.java:136)evel	2021-02-16 13:50:16 LoginPage: locator value is : //*[@id="authForm"]/div/div/button
com.surveillance.utilitiy.GenericKeywords.elementFind(GenericKeywords.java:164)evel	2021-02-16 13:50:16 LoginPage: find element action is Completed
com.surveillance.utilitiy.GenericKeywords.highlightElement(GenericKeywords.java:304)evel	2021-02-16 13:50:16 LoginPage: highlightElement action is Completed
com.surveillance.utilitiy.GenericKeywords.elementFind(GenericKeywords.java:134)evel	2021-02-16 13:50:16 LoginPage: find element action is started
com.surveillance.utilitiy.GenericKeywords.elementFind(GenericKeywords.java:135)evel	2021-02-16 13:50:16 LoginPage: locator indicator is : xpath
com.surveillance.utilitiy.GenericKeywords.elementFind(GenericKeywords.java:136)evel	2021-02-16 13:50:16 LoginPage: locator value is : //*[@id="authForm"]/div/div/button
com.surveillance.utilitiy.GenericKeywords.elementFind(GenericKeywords.java:164)evel	2021-02-16 13:50:16 LoginPage: find element action is Completed
