com.surveillance.utilitiy.GenericKeywords.highlightElement(GenericKeywords.java:304)evel	2021-02-16 21:59:16 LoginPage: highlightElement action is started
com.surveillance.utilitiy.GenericKeywords.elementFind(GenericKeywords.java:139)evel	2021-02-16 21:59:16 LoginPage: find element action is started
com.surveillance.utilitiy.GenericKeywords.elementFind(GenericKeywords.java:140)evel	2021-02-16 21:59:16 LoginPage: locator indicator is : xpath
com.surveillance.utilitiy.GenericKeywords.elementFind(GenericKeywords.java:141)evel	2021-02-16 21:59:16 LoginPage: locator value is : //*[@id="email"]
com.surveillance.utilitiy.GenericKeywords.elementFind(GenericKeywords.java:169)evel	2021-02-16 21:59:16 LoginPage: find element action is Completed
com.surveillance.utilitiy.GenericKeywords.highlightElement(GenericKeywords.java:309)evel	2021-02-16 21:59:16 LoginPage: highlightElement action is Completed
com.surveillance.utilitiy.GenericKeywords.elementFind(GenericKeywords.java:139)evel	2021-02-16 21:59:16 LoginPage: find element action is started
com.surveillance.utilitiy.GenericKeywords.elementFind(GenericKeywords.java:140)evel	2021-02-16 21:59:16 LoginPage: locator indicator is : xpath
com.surveillance.utilitiy.GenericKeywords.elementFind(GenericKeywords.java:141)evel	2021-02-16 21:59:16 LoginPage: locator value is : //*[@id="email"]
com.surveillance.utilitiy.GenericKeywords.elementFind(GenericKeywords.java:169)evel	2021-02-16 21:59:16 LoginPage: find element action is Completed
com.surveillance.utilitiy.GenericKeywords.clearEnter(GenericKeywords.java:560)evel	2021-02-16 21:59:16 LoginPage: clear and enter data is : sclient927+FSAR@gmail.com1
com.surveillance.utilitiy.GenericKeywords.clearEnter(GenericKeywords.java:561)evel	2021-02-16 21:59:16 LoginPage: clear and enter action is completed
com.surveillance.utilitiy.GenericKeywords.highlightElement(GenericKeywords.java:304)evel	2021-02-16 21:59:17 LoginPage: highlightElement action is started
com.surveillance.utilitiy.GenericKeywords.elementFind(GenericKeywords.java:139)evel	2021-02-16 21:59:17 LoginPage: find element action is started
com.surveillance.utilitiy.GenericKeywords.elementFind(GenericKeywords.java:140)evel	2021-02-16 21:59:17 LoginPage: locator indicator is : xpath
com.surveillance.utilitiy.GenericKeywords.elementFind(GenericKeywords.java:141)evel	2021-02-16 21:59:17 LoginPage: locator value is : //*[@id="authForm"]/div/div/button
com.surveillance.utilitiy.GenericKeywords.elementFind(GenericKeywords.java:169)evel	2021-02-16 21:59:17 LoginPage: find element action is Completed
com.surveillance.utilitiy.GenericKeywords.highlightElement(GenericKeywords.java:309)evel	2021-02-16 21:59:17 LoginPage: highlightElement action is Completed
com.surveillance.utilitiy.GenericKeywords.elementFind(GenericKeywords.java:139)evel	2021-02-16 21:59:17 LoginPage: find element action is started
com.surveillance.utilitiy.GenericKeywords.elementFind(GenericKeywords.java:140)evel	2021-02-16 21:59:17 LoginPage: locator indicator is : xpath
com.surveillance.utilitiy.GenericKeywords.elementFind(GenericKeywords.java:141)evel	2021-02-16 21:59:17 LoginPage: locator value is : //*[@id="authForm"]/div/div/button
com.surveillance.utilitiy.GenericKeywords.elementFind(GenericKeywords.java:169)evel	2021-02-16 21:59:17 LoginPage: find element action is Completed
com.surveillance.utilitiy.GenericKeywords.enterData(GenericKeywords.java:265)evel	2021-02-16 21:59:18 LoginPage: enter data action is started
com.surveillance.utilitiy.GenericKeywords.highlightElement(GenericKeywords.java:304)evel	2021-02-16 21:59:18 LoginPage: highlightElement action is started
com.surveillance.utilitiy.GenericKeywords.elementFind(GenericKeywords.java:139)evel	2021-02-16 21:59:18 LoginPage: find element action is started
com.surveillance.utilitiy.GenericKeywords.elementFind(GenericKeywords.java:140)evel	2021-02-16 21:59:18 LoginPage: locator indicator is : xpath
com.surveillance.utilitiy.GenericKeywords.elementFind(GenericKeywords.java:141)evel	2021-02-16 21:59:18 LoginPage: locator value is : //*[@id="password"]
com.surveillance.utilitiy.GenericKeywords.elementFind(GenericKeywords.java:169)evel	2021-02-16 21:59:18 LoginPage: find element action is Completed
com.surveillance.utilitiy.GenericKeywords.highlightElement(GenericKeywords.java:309)evel	2021-02-16 21:59:18 LoginPage: highlightElement action is Completed
com.surveillance.utilitiy.GenericKeywords.elementFind(GenericKeywords.java:139)evel	2021-02-16 21:59:18 LoginPage: find element action is started
com.surveillance.utilitiy.GenericKeywords.elementFind(GenericKeywords.java:140)evel	2021-02-16 21:59:18 LoginPage: locator indicator is : xpath
com.surveillance.utilitiy.GenericKeywords.elementFind(GenericKeywords.java:141)evel	2021-02-16 21:59:18 LoginPage: locator value is : //*[@id="password"]
com.surveillance.utilitiy.GenericKeywords.elementFind(GenericKeywords.java:169)evel	2021-02-16 21:59:18 LoginPage: find element action is Completed
com.surveillance.utilitiy.GenericKeywords.enterData(GenericKeywords.java:268)evel	2021-02-16 21:59:18 LoginPage: enter data action is Completed
com.surveillance.utilitiy.GenericKeywords.highlightElement(GenericKeywords.java:304)evel	2021-02-16 21:59:18 LoginPage: highlightElement action is started
com.surveillance.utilitiy.GenericKeywords.elementFind(GenericKeywords.java:139)evel	2021-02-16 21:59:18 LoginPage: find element action is started
com.surveillance.utilitiy.GenericKeywords.elementFind(GenericKeywords.java:140)evel	2021-02-16 21:59:18 LoginPage: locator indicator is : xpath
com.surveillance.utilitiy.GenericKeywords.elementFind(GenericKeywords.java:141)evel	2021-02-16 21:59:18 LoginPage: locator value is : //*[@id="authForm"]/div/div/button
com.surveillance.utilitiy.GenericKeywords.elementFind(GenericKeywords.java:169)evel	2021-02-16 21:59:18 LoginPage: find element action is Completed
com.surveillance.utilitiy.GenericKeywords.highlightElement(GenericKeywords.java:309)evel	2021-02-16 21:59:18 LoginPage: highlightElement action is Completed
com.surveillance.utilitiy.GenericKeywords.elementFind(GenericKeywords.java:139)evel	2021-02-16 21:59:18 LoginPage: find element action is started
com.surveillance.utilitiy.GenericKeywords.elementFind(GenericKeywords.java:140)evel	2021-02-16 21:59:18 LoginPage: locator indicator is : xpath
com.surveillance.utilitiy.GenericKeywords.elementFind(GenericKeywords.java:141)evel	2021-02-16 21:59:18 LoginPage: locator value is : //*[@id="authForm"]/div/div/button
com.surveillance.utilitiy.GenericKeywords.elementFind(GenericKeywords.java:169)evel	2021-02-16 21:59:18 LoginPage: find element action is Completed
