com.surveillance.utilitiy.GenericKeywords.highlightElement(GenericKeywords.java:303)evel	2021-02-16 19:41:37 LoginPage: highlightElement action is started
com.surveillance.utilitiy.GenericKeywords.elementFind(GenericKeywords.java:138)evel	2021-02-16 19:41:37 LoginPage: find element action is started
com.surveillance.utilitiy.GenericKeywords.elementFind(GenericKeywords.java:139)evel	2021-02-16 19:41:37 LoginPage: locator indicator is : xpath
com.surveillance.utilitiy.GenericKeywords.elementFind(GenericKeywords.java:140)evel	2021-02-16 19:41:37 LoginPage: locator value is : //*[@id="email"]
com.surveillance.utilitiy.GenericKeywords.elementFind(GenericKeywords.java:168)evel	2021-02-16 19:41:37 LoginPage: find element action is Completed
com.surveillance.utilitiy.GenericKeywords.highlightElement(GenericKeywords.java:308)evel	2021-02-16 19:41:37 LoginPage: highlightElement action is Completed
com.surveillance.utilitiy.GenericKeywords.elementFind(GenericKeywords.java:138)evel	2021-02-16 19:41:37 LoginPage: find element action is started
com.surveillance.utilitiy.GenericKeywords.elementFind(GenericKeywords.java:139)evel	2021-02-16 19:41:37 LoginPage: locator indicator is : xpath
com.surveillance.utilitiy.GenericKeywords.elementFind(GenericKeywords.java:140)evel	2021-02-16 19:41:37 LoginPage: locator value is : //*[@id="email"]
com.surveillance.utilitiy.GenericKeywords.elementFind(GenericKeywords.java:168)evel	2021-02-16 19:41:37 LoginPage: find element action is Completed
com.surveillance.utilitiy.GenericKeywords.clearEnter(GenericKeywords.java:559)evel	2021-02-16 19:41:38 LoginPage: clear and enter data is : sclient927+FSAR@gmail.com
com.surveillance.utilitiy.GenericKeywords.clearEnter(GenericKeywords.java:560)evel	2021-02-16 19:41:38 LoginPage: clear and enter action is completed
com.surveillance.utilitiy.GenericKeywords.highlightElement(GenericKeywords.java:303)evel	2021-02-16 19:41:38 LoginPage: highlightElement action is started
com.surveillance.utilitiy.GenericKeywords.elementFind(GenericKeywords.java:138)evel	2021-02-16 19:41:38 LoginPage: find element action is started
com.surveillance.utilitiy.GenericKeywords.elementFind(GenericKeywords.java:139)evel	2021-02-16 19:41:38 LoginPage: locator indicator is : xpath
com.surveillance.utilitiy.GenericKeywords.elementFind(GenericKeywords.java:140)evel	2021-02-16 19:41:38 LoginPage: locator value is : //*[@id="authForm"]/div/div/button
com.surveillance.utilitiy.GenericKeywords.elementFind(GenericKeywords.java:168)evel	2021-02-16 19:41:38 LoginPage: find element action is Completed
com.surveillance.utilitiy.GenericKeywords.highlightElement(GenericKeywords.java:308)evel	2021-02-16 19:41:38 LoginPage: highlightElement action is Completed
com.surveillance.utilitiy.GenericKeywords.elementFind(GenericKeywords.java:138)evel	2021-02-16 19:41:38 LoginPage: find element action is started
com.surveillance.utilitiy.GenericKeywords.elementFind(GenericKeywords.java:139)evel	2021-02-16 19:41:38 LoginPage: locator indicator is : xpath
com.surveillance.utilitiy.GenericKeywords.elementFind(GenericKeywords.java:140)evel	2021-02-16 19:41:38 LoginPage: locator value is : //*[@id="authForm"]/div/div/button
com.surveillance.utilitiy.GenericKeywords.elementFind(GenericKeywords.java:168)evel	2021-02-16 19:41:38 LoginPage: find element action is Completed
com.surveillance.utilitiy.GenericKeywords.enterData(GenericKeywords.java:264)evel	2021-02-16 19:41:39 LoginPage: enter data action is started
com.surveillance.utilitiy.GenericKeywords.highlightElement(GenericKeywords.java:303)evel	2021-02-16 19:41:39 LoginPage: highlightElement action is started
com.surveillance.utilitiy.GenericKeywords.elementFind(GenericKeywords.java:138)evel	2021-02-16 19:41:39 LoginPage: find element action is started
com.surveillance.utilitiy.GenericKeywords.elementFind(GenericKeywords.java:139)evel	2021-02-16 19:41:39 LoginPage: locator indicator is : xpath
com.surveillance.utilitiy.GenericKeywords.elementFind(GenericKeywords.java:140)evel	2021-02-16 19:41:39 LoginPage: locator value is : //*[@id="password"]
com.surveillance.utilitiy.GenericKeywords.elementFind(GenericKeywords.java:168)evel	2021-02-16 19:41:39 LoginPage: find element action is Completed
com.surveillance.utilitiy.GenericKeywords.highlightElement(GenericKeywords.java:308)evel	2021-02-16 19:41:39 LoginPage: highlightElement action is Completed
com.surveillance.utilitiy.GenericKeywords.elementFind(GenericKeywords.java:138)evel	2021-02-16 19:41:39 LoginPage: find element action is started
com.surveillance.utilitiy.GenericKeywords.elementFind(GenericKeywords.java:139)evel	2021-02-16 19:41:39 LoginPage: locator indicator is : xpath
com.surveillance.utilitiy.GenericKeywords.elementFind(GenericKeywords.java:140)evel	2021-02-16 19:41:39 LoginPage: locator value is : //*[@id="password"]
com.surveillance.utilitiy.GenericKeywords.elementFind(GenericKeywords.java:168)evel	2021-02-16 19:41:39 LoginPage: find element action is Completed
com.surveillance.utilitiy.GenericKeywords.enterData(GenericKeywords.java:267)evel	2021-02-16 19:41:39 LoginPage: enter data action is Completed
com.surveillance.utilitiy.GenericKeywords.highlightElement(GenericKeywords.java:303)evel	2021-02-16 19:41:39 LoginPage: highlightElement action is started
com.surveillance.utilitiy.GenericKeywords.elementFind(GenericKeywords.java:138)evel	2021-02-16 19:41:39 LoginPage: find element action is started
com.surveillance.utilitiy.GenericKeywords.elementFind(GenericKeywords.java:139)evel	2021-02-16 19:41:39 LoginPage: locator indicator is : xpath
com.surveillance.utilitiy.GenericKeywords.elementFind(GenericKeywords.java:140)evel	2021-02-16 19:41:39 LoginPage: locator value is : //*[@id="authForm"]/div/div/button
com.surveillance.utilitiy.GenericKeywords.elementFind(GenericKeywords.java:168)evel	2021-02-16 19:41:39 LoginPage: find element action is Completed
com.surveillance.utilitiy.GenericKeywords.highlightElement(GenericKeywords.java:308)evel	2021-02-16 19:41:39 LoginPage: highlightElement action is Completed
com.surveillance.utilitiy.GenericKeywords.elementFind(GenericKeywords.java:138)evel	2021-02-16 19:41:39 LoginPage: find element action is started
com.surveillance.utilitiy.GenericKeywords.elementFind(GenericKeywords.java:139)evel	2021-02-16 19:41:39 LoginPage: locator indicator is : xpath
com.surveillance.utilitiy.GenericKeywords.elementFind(GenericKeywords.java:140)evel	2021-02-16 19:41:39 LoginPage: locator value is : //*[@id="authForm"]/div/div/button
com.surveillance.utilitiy.GenericKeywords.elementFind(GenericKeywords.java:168)evel	2021-02-16 19:41:39 LoginPage: find element action is Completed
